[debug] [2021-09-23T14:25:56.018Z] ----------------------------------------------------------------------
[debug] [2021-09-23T14:25:56.026Z] Command:       C:\Program Files\nodejs\node.exe C:\Users\siha1\AppData\Roaming\npm\node_modules\firebase-tools\lib\bin\firebase.js emulators:start --only functions
[debug] [2021-09-23T14:25:56.028Z] CLI Version:   9.18.0
[debug] [2021-09-23T14:25:56.028Z] Platform:      win32
[debug] [2021-09-23T14:25:56.028Z] Node Version:  v14.16.0
[debug] [2021-09-23T14:25:56.041Z] Time:          Thu Sep 23 2021 23:25:56 GMT+0900 (대한민국 표준시)
[debug] [2021-09-23T14:25:56.042Z] ----------------------------------------------------------------------
[debug] 
[debug] [2021-09-23T14:25:56.050Z] >>> [apiv2][query] GET https://firebase-public.firebaseio.com/cli.json [none]
[debug] [2021-09-23T14:25:56.272Z] > command requires scopes: ["email","openid","https://www.googleapis.com/auth/cloudplatformprojects.readonly","https://www.googleapis.com/auth/firebase","https://www.googleapis.com/auth/cloud-platform"]
[debug] [2021-09-23T14:25:56.272Z] > authorizing via signed-in user (siha159159@gmail.com)
[info] i  emulators: Starting emulators: functions {"metadata":{"emulator":{"name":"hub"},"message":"Starting emulators: functions"}}
[warn] !  emulators: It seems that you are running multiple instances of the emulator suite for project vue-mem. This may result in unexpected behavior. 
[debug] [2021-09-23T14:25:56.351Z] [hub] writing locator at C:\Users\siha1\AppData\Local\Temp\hub-vue-mem.json
[warn] !  functions: The following emulators are not running, calls to these services from the Functions emulator will affect production: auth, firestore, database, hosting, pubsub, storage {"metadata":{"emulator":{"name":"functions"},"message":"The following emulators are not running, calls to these services from the Functions emulator will affect production: \u001b[1mauth, firestore, database, hosting, pubsub, storage\u001b[22m"}}
[warn] !  Your requested "node" version "12" doesn't match your global version "14" {"metadata":{"emulator":{"name":"functions"},"message":"Your requested \"node\" version \"12\" doesn't match your global version \"14\""}}
[debug] [2021-09-23T14:25:56.412Z] defaultcredentials: writing to file C:\Users\siha1\AppData\Roaming\firebase\siha159159_gmail_com_application_default_credentials.json
[debug] [2021-09-23T14:25:56.420Z] Setting GAC to C:\Users\siha1\AppData\Roaming\firebase\siha159159_gmail_com_application_default_credentials.json {"metadata":{"emulator":{"name":"functions"},"message":"Setting GAC to C:\\Users\\siha1\\AppData\\Roaming\\firebase\\siha159159_gmail_com_application_default_credentials.json"}}
[debug] [2021-09-23T14:25:56.428Z] > refreshing access token with scopes: []
[debug] [2021-09-23T14:25:56.430Z] >>> HTTP REQUEST POST https://www.googleapis.com/oauth2/v3/token  
 <request body omitted>
[debug] [2021-09-23T14:25:56.673Z] <<< HTTP RESPONSE 200 {"cache-control":"no-cache, no-store, max-age=0, must-revalidate","expires":"Mon, 01 Jan 1990 00:00:00 GMT","pragma":"no-cache","date":"Thu, 23 Sep 2021 14:25:56 GMT","content-type":"application/json; charset=utf-8","vary":"X-Origin, Referer, Origin,Accept-Encoding","server":"scaffolding on HTTPServer2","x-xss-protection":"0","x-frame-options":"SAMEORIGIN","x-content-type-options":"nosniff","alt-svc":"h3=\":443\"; ma=2592000,h3-29=\":443\"; ma=2592000,h3-T051=\":443\"; ma=2592000,h3-Q050=\":443\"; ma=2592000,h3-Q046=\":443\"; ma=2592000,h3-Q043=\":443\"; ma=2592000,quic=\":443\"; ma=2592000; v=\"46,43\"","accept-ranges":"none","transfer-encoding":"chunked"}
[debug] [2021-09-23T14:25:56.698Z] >>> [apiv2][query] GET https://firebase.googleapis.com/v1beta1/projects/vue-mem/adminSdkConfig [none]
[debug] [2021-09-23T14:25:56.875Z] <<< [apiv2][status] GET https://firebase-public.firebaseio.com/cli.json 200
[debug] [2021-09-23T14:25:56.876Z] <<< [apiv2][body] GET https://firebase-public.firebaseio.com/cli.json {"cloudBuildErrorAfter":1594252800000,"cloudBuildWarnAfter":1590019200000,"defaultNode10After":1594252800000,"minVersion":"3.0.5","node8DeploysDisabledAfter":1613390400000,"node8RuntimeDisabledAfter":1615809600000,"node8WarnAfter":1600128000000}
[debug] [2021-09-23T14:25:57.245Z] <<< [apiv2][status] GET https://firebase.googleapis.com/v1beta1/projects/vue-mem/adminSdkConfig 200
[debug] [2021-09-23T14:25:57.245Z] <<< [apiv2][body] GET https://firebase.googleapis.com/v1beta1/projects/vue-mem/adminSdkConfig {"projectId":"vue-mem","databaseURL":"https://vue-mem-default-rtdb.firebaseio.com","storageBucket":"vue-mem.appspot.com","locationId":"asia-northeast3"}
[debug] [2021-09-23T14:25:57.283Z] Ignoring unsupported arg: auto_download {"metadata":{"emulator":{"name":"ui"},"message":"Ignoring unsupported arg: auto_download"}}
[debug] [2021-09-23T14:25:57.283Z] Ignoring unsupported arg: port {"metadata":{"emulator":{"name":"ui"},"message":"Ignoring unsupported arg: port"}}
[debug] [2021-09-23T14:25:57.284Z] Starting Emulator UI with command {"binary":"node","args":["C:\\Users\\siha1\\.cache\\firebase\\emulators\\ui-v1.6.3\\server.bundle.js"],"optionalArgs":[],"joinArgs":false} {"metadata":{"emulator":{"name":"ui"},"message":"Starting Emulator UI with command {\"binary\":\"node\",\"args\":[\"C:\\\\Users\\\\siha1\\\\.cache\\\\firebase\\\\emulators\\\\ui-v1.6.3\\\\server.bundle.js\"],\"optionalArgs\":[],\"joinArgs\":false}"}}
[info] i  ui: Emulator UI logging to ui-debug.log {"metadata":{"emulator":{"name":"ui"},"message":"Emulator UI logging to \u001b[1mui-debug.log\u001b[22m"}}
[debug] [2021-09-23T14:25:57.543Z] Web / API server started at localhost:5003
 {"metadata":{"emulator":{"name":"ui"},"message":"Web / API server started at localhost:5003\n"}}
[info] i  functions: Watching "C:\Users\siha1\OneDrive\바탕 화면\Vue-pro\vf222\functions" for Cloud Functions... {"metadata":{"emulator":{"name":"functions"},"message":"Watching \"C:\\Users\\siha1\\OneDrive\\바탕 화면\\Vue-pro\\vf222\\functions\" for Cloud Functions..."}}
[debug] [2021-09-23T14:25:57.611Z] [worker-pool] addWorker(~diagnostic~) {"metadata":{"emulator":{"name":"functions"},"message":"[worker-pool] addWorker(~diagnostic~)"}}
[debug] [2021-09-23T14:25:57.611Z] [worker-pool] Adding worker with key ~diagnostic~, total=1 {"metadata":{"emulator":{"name":"functions"},"message":"[worker-pool] Adding worker with key ~diagnostic~, total=1"}}
[debug] [2021-09-23T14:25:57.612Z] [worker-pool] submitWork(triggerId=) {"metadata":{"emulator":{"name":"functions"},"message":"[worker-pool] submitWork(triggerId=)"}}
[debug] [2021-09-23T14:25:57.612Z] [worker-~diagnostic~-37a9cff6-3bfa-4fdd-96d6-f1c981989e1e]: Assigning socketPath: \\?\pipe\C:\Users\siha1\OneDrive\바탕 화면\Vue-pro\vf222\functions\18096 {"metadata":{"emulator":{"name":"functions"},"message":"[worker-~diagnostic~-37a9cff6-3bfa-4fdd-96d6-f1c981989e1e]: Assigning socketPath: \\\\?\\pipe\\C:\\Users\\siha1\\OneDrive\\바탕 화면\\Vue-pro\\vf222\\functions\\18096"}}
[debug] [2021-09-23T14:25:57.613Z] [worker-~diagnostic~-37a9cff6-3bfa-4fdd-96d6-f1c981989e1e]: BUSY {"metadata":{"emulator":{"name":"functions"},"message":"[worker-~diagnostic~-37a9cff6-3bfa-4fdd-96d6-f1c981989e1e]: BUSY"}}
[debug] [2021-09-23T14:25:59.097Z] [runtime-status] [18096] Functions runtime initialized. {"cwd":"C:\\Users\\siha1\\OneDrive\\바탕 화면\\Vue-pro\\vf222\\functions","node_version":"14.16.0"} {"metadata":{"emulator":{"name":"functions"},"message":"[runtime-status] [18096] Functions runtime initialized. {\"cwd\":\"C:\\\\Users\\\\siha1\\\\OneDrive\\\\바탕 화면\\\\Vue-pro\\\\vf222\\\\functions\",\"node_version\":\"14.16.0\"}"}}
[debug] [2021-09-23T14:25:59.103Z] [runtime-status] [18096] Disabled runtime features: undefined {"metadata":{"emulator":{"name":"functions"},"message":"[runtime-status] [18096] Disabled runtime features: undefined"}}
[debug] [2021-09-23T14:25:59.134Z] [runtime-status] [18096] Resolved module firebase-admin {"declared":true,"installed":true,"version":"9.11.1","resolution":"C:\\Users\\siha1\\OneDrive\\바탕 화면\\Vue-pro\\vf222\\functions\\node_modules\\firebase-admin\\lib\\index.js"} {"metadata":{"emulator":{"name":"functions"},"message":"[runtime-status] [18096] Resolved module firebase-admin {\"declared\":true,\"installed\":true,\"version\":\"9.11.1\",\"resolution\":\"C:\\\\Users\\\\siha1\\\\OneDrive\\\\바탕 화면\\\\Vue-pro\\\\vf222\\\\functions\\\\node_modules\\\\firebase-admin\\\\lib\\\\index.js\"}"}}
[debug] [2021-09-23T14:25:59.157Z] [runtime-status] [18096] Resolved module firebase-functions {"declared":true,"installed":true,"version":"3.15.6","resolution":"C:\\Users\\siha1\\OneDrive\\바탕 화면\\Vue-pro\\vf222\\functions\\node_modules\\firebase-functions\\lib\\index.js"} {"metadata":{"emulator":{"name":"functions"},"message":"[runtime-status] [18096] Resolved module firebase-functions {\"declared\":true,\"installed\":true,\"version\":\"3.15.6\",\"resolution\":\"C:\\\\Users\\\\siha1\\\\OneDrive\\\\바탕 화면\\\\Vue-pro\\\\vf222\\\\functions\\\\node_modules\\\\firebase-functions\\\\lib\\\\index.js\"}"}}
[debug] [2021-09-23T14:25:59.162Z] [runtime-status] [18096] Resolved module firebase-functions {"declared":true,"installed":true,"version":"3.15.6","resolution":"C:\\Users\\siha1\\OneDrive\\바탕 화면\\Vue-pro\\vf222\\functions\\node_modules\\firebase-functions\\lib\\index.js"} {"metadata":{"emulator":{"name":"functions"},"message":"[runtime-status] [18096] Resolved module firebase-functions {\"declared\":true,\"installed\":true,\"version\":\"3.15.6\",\"resolution\":\"C:\\\\Users\\\\siha1\\\\OneDrive\\\\바탕 화면\\\\Vue-pro\\\\vf222\\\\functions\\\\node_modules\\\\firebase-functions\\\\lib\\\\index.js\"}"}}
[debug] [2021-09-23T14:25:59.178Z] [runtime-status] [18096] Outgoing network have been stubbed. [{"name":"http","status":"mocked"},{"name":"http","status":"mocked"},{"name":"https","status":"mocked"},{"name":"https","status":"mocked"},{"name":"net","status":"mocked"}] {"metadata":{"emulator":{"name":"functions"},"message":"[runtime-status] [18096] Outgoing network have been stubbed. [{\"name\":\"http\",\"status\":\"mocked\"},{\"name\":\"http\",\"status\":\"mocked\"},{\"name\":\"https\",\"status\":\"mocked\"},{\"name\":\"https\",\"status\":\"mocked\"},{\"name\":\"net\",\"status\":\"mocked\"}]"}}
[debug] [2021-09-23T14:25:59.182Z] [runtime-status] [18096] Resolved module firebase-functions {"declared":true,"installed":true,"version":"3.15.6","resolution":"C:\\Users\\siha1\\OneDrive\\바탕 화면\\Vue-pro\\vf222\\functions\\node_modules\\firebase-functions\\lib\\index.js"} {"metadata":{"emulator":{"name":"functions"},"message":"[runtime-status] [18096] Resolved module firebase-functions {\"declared\":true,\"installed\":true,\"version\":\"3.15.6\",\"resolution\":\"C:\\\\Users\\\\siha1\\\\OneDrive\\\\바탕 화면\\\\Vue-pro\\\\vf222\\\\functions\\\\node_modules\\\\firebase-functions\\\\lib\\\\index.js\"}"}}
[debug] [2021-09-23T14:25:59.366Z] [runtime-status] [18096] Checked functions.config() {"config":{}} {"metadata":{"emulator":{"name":"functions"},"message":"[runtime-status] [18096] Checked functions.config() {\"config\":{}}"}}
[debug] [2021-09-23T14:25:59.367Z] [runtime-status] [18096] firebase-functions has been stubbed. {"functionsResolution":{"declared":true,"installed":true,"version":"3.15.6","resolution":"C:\\Users\\siha1\\OneDrive\\바탕 화면\\Vue-pro\\vf222\\functions\\node_modules\\firebase-functions\\lib\\index.js"}} {"metadata":{"emulator":{"name":"functions"},"message":"[runtime-status] [18096] firebase-functions has been stubbed. {\"functionsResolution\":{\"declared\":true,\"installed\":true,\"version\":\"3.15.6\",\"resolution\":\"C:\\\\Users\\\\siha1\\\\OneDrive\\\\바탕 화면\\\\Vue-pro\\\\vf222\\\\functions\\\\node_modules\\\\firebase-functions\\\\lib\\\\index.js\"}}"}}
[debug] [2021-09-23T14:25:59.369Z] [runtime-status] [18096] Resolved module firebase-functions {"declared":true,"installed":true,"version":"3.15.6","resolution":"C:\\Users\\siha1\\OneDrive\\바탕 화면\\Vue-pro\\vf222\\functions\\node_modules\\firebase-functions\\lib\\index.js"} {"metadata":{"emulator":{"name":"functions"},"message":"[runtime-status] [18096] Resolved module firebase-functions {\"declared\":true,\"installed\":true,\"version\":\"3.15.6\",\"resolution\":\"C:\\\\Users\\\\siha1\\\\OneDrive\\\\바탕 화면\\\\Vue-pro\\\\vf222\\\\functions\\\\node_modules\\\\firebase-functions\\\\lib\\\\index.js\"}"}}
[debug] [2021-09-23T14:25:59.375Z] [runtime-status] [18096] Resolved module firebase-admin {"declared":true,"installed":true,"version":"9.11.1","resolution":"C:\\Users\\siha1\\OneDrive\\바탕 화면\\Vue-pro\\vf222\\functions\\node_modules\\firebase-admin\\lib\\index.js"} {"metadata":{"emulator":{"name":"functions"},"message":"[runtime-status] [18096] Resolved module firebase-admin {\"declared\":true,\"installed\":true,\"version\":\"9.11.1\",\"resolution\":\"C:\\\\Users\\\\siha1\\\\OneDrive\\\\바탕 화면\\\\Vue-pro\\\\vf222\\\\functions\\\\node_modules\\\\firebase-admin\\\\lib\\\\index.js\"}"}}
[debug] [2021-09-23T14:25:59.379Z] [runtime-status] [18096] Resolved module firebase-functions {"declared":true,"installed":true,"version":"3.15.6","resolution":"C:\\Users\\siha1\\OneDrive\\바탕 화면\\Vue-pro\\vf222\\functions\\node_modules\\firebase-functions\\lib\\index.js"} {"metadata":{"emulator":{"name":"functions"},"message":"[runtime-status] [18096] Resolved module firebase-functions {\"declared\":true,\"installed\":true,\"version\":\"3.15.6\",\"resolution\":\"C:\\\\Users\\\\siha1\\\\OneDrive\\\\바탕 화면\\\\Vue-pro\\\\vf222\\\\functions\\\\node_modules\\\\firebase-functions\\\\lib\\\\index.js\"}"}}
[debug] [2021-09-23T14:25:59.380Z] [runtime-status] [18096] firebase-admin has been stubbed. {"adminResolution":{"declared":true,"installed":true,"version":"9.11.1","resolution":"C:\\Users\\siha1\\OneDrive\\바탕 화면\\Vue-pro\\vf222\\functions\\node_modules\\firebase-admin\\lib\\index.js"}} {"metadata":{"emulator":{"name":"functions"},"message":"[runtime-status] [18096] firebase-admin has been stubbed. {\"adminResolution\":{\"declared\":true,\"installed\":true,\"version\":\"9.11.1\",\"resolution\":\"C:\\\\Users\\\\siha1\\\\OneDrive\\\\바탕 화면\\\\Vue-pro\\\\vf222\\\\functions\\\\node_modules\\\\firebase-admin\\\\lib\\\\index.js\"}}"}}
[debug] [2021-09-23T14:25:59.564Z] [runtime-status] [18096] initializeApp(DEFAULT) {"credential":{"implicit":false,"projectId":"vue-mem","privateKey":"-----BEGIN PRIVATE KEY-----\nMIIEvQIBADANBgkqhkiG9w0BAQEFAASCBKcwggSjAgEAAoIBAQDCIrxCoM4E3xyw\njqdcFS9I0OnHyRrlV26JIyVxC6HWDRWAlhLkxAkVPaucAcAkDyzktngxhgoYdB+z\nAbPJ21Zzp0ujCupbmRdSE4waPby652SZrNqYTahv8dDC5xcBcw/H7+ducM59V6jX\nbXJji+UKcavloZ5JKAhVjTprKs9EBSE+NcdONSO8jdgpcG/TmHrVBTj3yuvcQLmP\nrjN5py01ZrZrBCvD78/PK58QKJsrhc+iANnAWJrjRsleZmfTBqT5XTJTYUSDd8lq\nC8OWqBDdHMwDFdGLA3po5dj4DRWwjaTruDy/k1BbHpnse+MGv9hltOrFelDO3Sx0\nZq6mVBjrAgMBAAECggEAS3YaDKIaAs3BBqYkysfXTewa+1QiFsSiDD9zpdn6KcyD\nL6zmIjNLPozuwGDz0XBuqGZ/GOz7zp6Q1dGTE6MlGyaL4Y/0Ie/Dn11Gx8p4qoQY\nWB3XCH2jPARYe/I8wIz7tOF9abICqbkhwb9ix+wQdztRMJzefJxJhQu1CgQlddAF\nLF2DE2C2N1j+1nm1W+cM0MeOcBrLST49g2lOY/UMmoqgtmwanhYGHeLMHJrVcQDG\nXia+jpTRZs3luL4GFbm0soRyeIRrTjRsSKQAHYlwzhaGOPLLDSWXwhay6l4AytU8\nrH2/Nk+qQAhUHkGX2YmxXfucU0Kw74eVZUf8xAkthQKBgQDpHas8u7AyF+zO9hUD\ng7Q5Y+9M3bNAj3acfldCrxiSDORv6BmXpm2orUrJUPwBR/PPqAukwJspkjFuBQIb\noeyhePwD9srS6d0nh4B7YF7NZpwPfiGWFmSBNVlTZ2MDOJ6BFVMpl4F8q2ku+NU2\nRwcA6db3FV+TK9lsa2WGEpsKvQKBgQDVMXjqXPBTC4Qtd/z05ovMwFsDiQJGfYnJ\nHqL4ZVizgwAMqtV29JYdGqTGiccrHM3BDwZmM7Iq4+e7n/CwBhKg1J26YOE7buhN\noZpVU3LWw8X84AfF5ly1pLL0giD/of67OjR1n6g5PLqtU4i08qLetmjCYep+BdBV\ndYSFo1XAxwKBgQDLrn6lzCBBRKJGmsD1lyfrVSQLd1JdwHwUdFduDmtbgSQ/mv5x\ngJsj3HYRvE7UF7gx4lR6GUf5ZKEHzhxvZGXLGFiqZgIFkw0GsuBR7Hwo39TPvJc/\n+kTKmIB53UWn1Nq5UpadKqGa+nIm9ofkqt61r5uBvA0MHC4XCydjo/IPyQKBgCHM\nhBTzww4HZ18mBK521ncRj9xRnlC6mluORdwHhTaAcEOR2eHQCPR4QuNO+Ip3OI+A\n6EzPqVFvbE+snaXqcI2a556iuVKI1L9p/WPFpREzXHIoulK/oLcTc2OcNcsRTac1\nJRf4xdy9KgNMmQHG7ddNJ/KZP2nXVh4WUXo2WOQFAoGAMK+QtUaKThhzDvhhLkxd\nVnmjM4KcfQUInJQzNkZPEPfJtGUULYj8FF0VaYgw5di+Ixk3Fz93z82v9oyOXKUz\nIkDyabyINBE1upzfiHJKFFP2QLxK9hr8/yWlZM/uGaGUAG4rbaJLPrbDby2Fza3g\ntGyuGqouc6ruULpxX85LF04=\n-----END PRIVATE KEY-----\n","clientEmail":"firebase-adminsdk-rpclb@vue-mem.iam.gserviceaccount.com","httpClient":{"retry":{"maxRetries":4,"statusCodes":[503],"ioErrorCodes":["ECONNRESET","ETIMEDOUT"],"backOffFactor":0.5,"maxDelayInMillis":60000}}},"databaseURL":"https://vue-mem-default-rtdb.firebaseio.com"} {"metadata":{"emulator":{"name":"functions"},"message":"[runtime-status] [18096] initializeApp(DEFAULT) {\"credential\":{\"implicit\":false,\"projectId\":\"vue-mem\",\"privateKey\":\"-----BEGIN PRIVATE KEY-----\\nMIIEvQIBADANBgkqhkiG9w0BAQEFAASCBKcwggSjAgEAAoIBAQDCIrxCoM4E3xyw\\njqdcFS9I0OnHyRrlV26JIyVxC6HWDRWAlhLkxAkVPaucAcAkDyzktngxhgoYdB+z\\nAbPJ21Zzp0ujCupbmRdSE4waPby652SZrNqYTahv8dDC5xcBcw/H7+ducM59V6jX\\nbXJji+UKcavloZ5JKAhVjTprKs9EBSE+NcdONSO8jdgpcG/TmHrVBTj3yuvcQLmP\\nrjN5py01ZrZrBCvD78/PK58QKJsrhc+iANnAWJrjRsleZmfTBqT5XTJTYUSDd8lq\\nC8OWqBDdHMwDFdGLA3po5dj4DRWwjaTruDy/k1BbHpnse+MGv9hltOrFelDO3Sx0\\nZq6mVBjrAgMBAAECggEAS3YaDKIaAs3BBqYkysfXTewa+1QiFsSiDD9zpdn6KcyD\\nL6zmIjNLPozuwGDz0XBuqGZ/GOz7zp6Q1dGTE6MlGyaL4Y/0Ie/Dn11Gx8p4qoQY\\nWB3XCH2jPARYe/I8wIz7tOF9abICqbkhwb9ix+wQdztRMJzefJxJhQu1CgQlddAF\\nLF2DE2C2N1j+1nm1W+cM0MeOcBrLST49g2lOY/UMmoqgtmwanhYGHeLMHJrVcQDG\\nXia+jpTRZs3luL4GFbm0soRyeIRrTjRsSKQAHYlwzhaGOPLLDSWXwhay6l4AytU8\\nrH2/Nk+qQAhUHkGX2YmxXfucU0Kw74eVZUf8xAkthQKBgQDpHas8u7AyF+zO9hUD\\ng7Q5Y+9M3bNAj3acfldCrxiSDORv6BmXpm2orUrJUPwBR/PPqAukwJspkjFuBQIb\\noeyhePwD9srS6d0nh4B7YF7NZpwPfiGWFmSBNVlTZ2MDOJ6BFVMpl4F8q2ku+NU2\\nRwcA6db3FV+TK9lsa2WGEpsKvQKBgQDVMXjqXPBTC4Qtd/z05ovMwFsDiQJGfYnJ\\nHqL4ZVizgwAMqtV29JYdGqTGiccrHM3BDwZmM7Iq4+e7n/CwBhKg1J26YOE7buhN\\noZpVU3LWw8X84AfF5ly1pLL0giD/of67OjR1n6g5PLqtU4i08qLetmjCYep+BdBV\\ndYSFo1XAxwKBgQDLrn6lzCBBRKJGmsD1lyfrVSQLd1JdwHwUdFduDmtbgSQ/mv5x\\ngJsj3HYRvE7UF7gx4lR6GUf5ZKEHzhxvZGXLGFiqZgIFkw0GsuBR7Hwo39TPvJc/\\n+kTKmIB53UWn1Nq5UpadKqGa+nIm9ofkqt61r5uBvA0MHC4XCydjo/IPyQKBgCHM\\nhBTzww4HZ18mBK521ncRj9xRnlC6mluORdwHhTaAcEOR2eHQCPR4QuNO+Ip3OI+A\\n6EzPqVFvbE+snaXqcI2a556iuVKI1L9p/WPFpREzXHIoulK/oLcTc2OcNcsRTac1\\nJRf4xdy9KgNMmQHG7ddNJ/KZP2nXVh4WUXo2WOQFAoGAMK+QtUaKThhzDvhhLkxd\\nVnmjM4KcfQUInJQzNkZPEPfJtGUULYj8FF0VaYgw5di+Ixk3Fz93z82v9oyOXKUz\\nIkDyabyINBE1upzfiHJKFFP2QLxK9hr8/yWlZM/uGaGUAG4rbaJLPrbDby2Fza3g\\ntGyuGqouc6ruULpxX85LF04=\\n-----END PRIVATE KEY-----\\n\",\"clientEmail\":\"firebase-adminsdk-rpclb@vue-mem.iam.gserviceaccount.com\",\"httpClient\":{\"retry\":{\"maxRetries\":4,\"statusCodes\":[503],\"ioErrorCodes\":[\"ECONNRESET\",\"ETIMEDOUT\"],\"backOffFactor\":0.5,\"maxDelayInMillis\":60000}}},\"databaseURL\":\"https://vue-mem-default-rtdb.firebaseio.com\"}"}}
[warn] !  functions: The Realtime Database emulator is not running, so calls to Realtime Database will affect production. {"metadata":{"emulator":{"name":"functions"},"message":"The Realtime Database emulator is not running, so calls to Realtime Database will affect production."}}
[warn] !  functions: The Cloud Firestore emulator is not running, so calls to Firestore will affect production. {"metadata":{"emulator":{"name":"functions"},"message":"The Cloud Firestore emulator is not running, so calls to Firestore will affect production."}}
[info] +  functions[us-central1-addMessage]: http function initialized (http://localhost:5001/vue-mem/us-central1/addMessage). {"metadata":{"emulator":{"name":"functions"},"message":"\u001b[1mhttp\u001b[22m function initialized (http://localhost:5001/vue-mem/us-central1/addMessage)."}}
[info] i  functions[us-central1-makeUppercase]: function ignored because the firestore emulator does not exist or is not running. {"metadata":{"emulator":{"name":"functions"},"message":"function ignored because the firestore emulator does not exist or is not running."}}
[debug] [2021-09-23T14:26:00.026Z] addAuthTrigger {"eventTrigger":{"resource":"projects/vue-mem","eventType":"providers/firebase.auth/eventTypes/user.create","service":"firebaseauth.googleapis.com"}}
[info] +  functions[us-central1-createUser]: auth function initialized. {"metadata":{"emulator":{"name":"functions"},"message":"\u001b[1mauth\u001b[22m function initialized."}}
[debug] [2021-09-23T14:26:00.028Z] addAuthTrigger {"eventTrigger":{"resource":"projects/vue-mem","eventType":"providers/firebase.auth/eventTypes/user.delete","service":"firebaseauth.googleapis.com"}}
[info] +  functions[us-central1-deleteUser]: auth function initialized. {"metadata":{"emulator":{"name":"functions"},"message":"\u001b[1mauth\u001b[22m function initialized."}}
[info] i  functions[us-central1-documentWriteListener]: function ignored because the firestore emulator does not exist or is not running. {"metadata":{"emulator":{"name":"functions"},"message":"function ignored because the firestore emulator does not exist or is not running."}}
[info] 
┌─────────────────────────────────────────────────────────────┐
│ ✔  All emulators ready! It is now safe to connect your app. │
│ i  View Emulator UI at http://localhost:5003                │
└─────────────────────────────────────────────────────────────┘

┌───────────┬────────────────┬─────────────────────────────────┐
│ Emulator  │ Host:Port      │ View in Emulator UI             │
├───────────┼────────────────┼─────────────────────────────────┤
│ Functions │ localhost:5001 │ http://localhost:5003/functions │
└───────────┴────────────────┴─────────────────────────────────┘
  Emulator Hub running at localhost:4400
  Other reserved ports: 4500

Issues? Report them at https://github.com/firebase/firebase-tools/issues and attach the *-debug.log files.
 
[debug] [2021-09-23T14:26:00.042Z] [worker-~diagnostic~-37a9cff6-3bfa-4fdd-96d6-f1c981989e1e]: IDLE {"metadata":{"emulator":{"name":"functions"},"message":"[worker-~diagnostic~-37a9cff6-3bfa-4fdd-96d6-f1c981989e1e]: IDLE"}}
